\BOOKMARK [0][-]{chapter*.5}{\376\377\000\332\000v\000o\000d}{}
\BOOKMARK [0][-]{chapter*.5}{\376\377\000O\000\040\000j\000a\000z\000y\000k\000u\000\040\000P\000y\000t\000h\000o\000n}{}
\BOOKMARK [1][-]{section*.6}{\376\377\000\040\001\014\000o\000\040\000j\000e\000\040\000t\000o\000\040\000P\000y\000t\000h\000o\000n\000?}{chapter*.5}
\BOOKMARK [1][-]{section*.6}{\376\377\000\040\000I\000n\000t\000r\000o\000s\000p\000e\000k\000c\000i\000a\000\040\000v\000\040\000j\000a\000z\000y\000k\000u\000\040\000P\000y\000t\000h\000o\000n}{chapter*.5}
\BOOKMARK [2][-]{section*.7}{\376\377\000\040\000F\000u\000n\000k\000c\000i\000a\000\040\000d\000i\000r\000\050\000\051}{section*.6}
\BOOKMARK [3][-]{section*.8}{\376\377\000\040\000A\000t\000r\000i\000b\000\372\000t\000\040\000\137\000\137\000d\000o\000c\000\137\000\137\000\040}{section*.7}
\BOOKMARK [4][-]{section*.9}{\376\377\000\040\000A\000t\000r\000i\000b\000\372\000t\000\040\000\137\000\137\000n\000a\000m\000e\000\137\000\137\000\040}{section*.8}
\BOOKMARK [4][-]{section*.10}{\376\377\000\040\000F\000u\000n\000k\000c\000i\000a\000\040\000t\000y\000p\000e\000\050\000\051}{section*.8}
\BOOKMARK [4][-]{section*.11}{\376\377\000\040\000F\000u\000n\000k\000c\000i\000a\000\040\000i\000d\000\050\000\051}{section*.8}
\BOOKMARK [4][-]{section*.12}{\376\377\000\040\000F\000u\000n\000k\000c\000i\000e\000\040\000h\000a\000s\000a\000t\000t\000r\000\050\000\051\000\040\000a\000\040\000g\000e\000t\000a\000t\000t\000r\000\050\000\051}{section*.8}
\BOOKMARK [4][-]{section*.13}{\376\377\000\040\000F\000u\000n\000k\000c\000i\000a\000\040\000c\000a\000l\000l\000a\000b\000l\000e\000\050\000\051}{section*.8}
\BOOKMARK [4][-]{section*.14}{\376\377\000\040\000F\000u\000n\000k\000c\000i\000e\000\040\000i\000s\000i\000n\000s\000t\000a\000n\000c\000e\000\050\000\051\000\040\000a\000\040\000i\000s\000s\000u\000b\000c\000l\000a\000s\000s\000\050\000\051}{section*.8}
\BOOKMARK [0][-]{lstlisting.2.-9}{\376\377\000N\000\341\000s\000t\000r\000o\000j\000e\000\040\000n\000a\000\040\000a\000n\000a\000l\000\375\000z\000u\000\040\000k\000\363\000d\000u\000\040\000p\000r\000e\000\040\000j\000a\000z\000y\000k\000\040\000P\000y\000t\000h\000o\000n}{}
\BOOKMARK [1][-]{section*.15}{\376\377\000\040\000N\000\341\000s\000t\000r\000o\000j\000e\000\040\000a\000n\000a\000l\000\375\000z\000u\000\040\000k\000\363\000d\000u\000\040\000p\000r\000o\000j\000e\000k\000t\000u}{lstlisting.2.-9}
\BOOKMARK [1][-]{section*.15}{\376\377\000\040\000N\000\341\000s\000t\000r\000o\000j\000e\000\040\000n\000a\000\040\000v\000i\000z\000u\000a\000l\000i\000z\000\341\000c\000i\000u\000\040\000p\000r\000o\000j\000e\000k\000t\000u}{lstlisting.2.-9}
\BOOKMARK [0][-]{section*.15}{\376\377\000A\000n\000a\000l\000\375\000z\000a\000\040\000n\000\341\000s\000t\000r\000o\000j\000a\000\040\000G\000a\000p\000h\000a\000s}{}
\BOOKMARK [1][-]{section*.16}{\376\377\000\040\000Z\000\341\000k\000l\000a\000d\000n\000\341\000\040\000c\000h\000a\000r\000a\000k\000t\000e\000r\000i\000s\000t\000i\000k\000a\000\040\000n\000\341\000s\000t\000r\000o\000j\000a\000\040\000G\000a\000p\000h\000a\000s}{section*.15}
\BOOKMARK [1][-]{section*.16}{\376\377\000\040\000P\000o\000p\000i\000s\000\040\000G\000a\000p\000h\000a\000s\000\040\000A\000P\000I}{section*.15}
\BOOKMARK [2][-]{section*.17}{\376\377\000\040\000M\000o\000d\000e\000l}{section*.16}
\BOOKMARK [2][-]{section*.17}{\376\377\000\040\000V\000i\000e\000w}{section*.16}
\BOOKMARK [2][-]{section*.17}{\376\377\000\040\000C\000o\000n\000t\000r\000o\000l\000l\000e\000r}{section*.16}
\BOOKMARK [1][-]{section*.17}{\376\377\000\040\000Z\000h\000r\000n\000u\000t\000i\000e}{section*.15}
\BOOKMARK [0][-]{section*.17}{\376\377\000P\000r\000o\000j\000e\000k\000t\000\040\000g\000p\000y\000l\000i\000n\000t}{}
\BOOKMARK [1][-]{section*.18}{\376\377\000\040\000A\000p\000l\000i\000k\000\341\000c\000i\000a\000\040\000j\000e\000d\000n\000o\000t\000l\000i\000v\000\375\000c\000h\000\040\000n\000\341\000s\000t\000r\000o\000j\000o\000v}{section*.17}
\BOOKMARK [1][-]{section*.18}{\376\377\000\040\000V\000y\000h\000o\000d\000n\000o\000t\000e\000n\000i\000e}{section*.17}
\BOOKMARK [0][-]{section*.18}{\376\377\000Z\000\341\000v\000e\000r}{}
